<?xml version="1.0" encoding="UTF-8"?>
<testsuite name="se.oakbright.modules.helpers.HealthTest" tests="2" skipped="0" failures="0" errors="0" timestamp="2015-08-12T20:16:48" hostname="hampuse-Dator" time="0.004">
  <properties/>
  <testcase name="test_decrease_hp" classname="se.oakbright.modules.helpers.HealthTest" time="0.0"/>
  <testcase name="test_that_outOfHpObservers_get_notified" classname="se.oakbright.modules.helpers.HealthTest" time="0.003"/>
  <system-out><![CDATA[]]></system-out>
  <system-err><![CDATA[]]></system-err>
</testsuite>
