<?xml version="1.0" encoding="UTF-8"?>
<testsuite name="se.oakbright.battleobjects.ship.ShipStateMachineBlueprintsTest" tests="4" skipped="0" failures="0" errors="0" timestamp="2015-08-16T09:07:03" hostname="hampuse-Dator" time="0.028">
  <properties/>
  <testcase name="test_that_stateMachine_is_the_right_one" classname="se.oakbright.battleobjects.ship.ShipStateMachineBlueprintsTest" time="0.012"/>
  <testcase name="test_for_null_pointers" classname="se.oakbright.battleobjects.ship.ShipStateMachineBlueprintsTest" time="0.0"/>
  <testcase name="test_that_command_returns_correct_commandReceiver" classname="se.oakbright.battleobjects.ship.ShipStateMachineBlueprintsTest" time="0.001"/>
  <testcase name="verify_that_states_activeModules_are_correct" classname="se.oakbright.battleobjects.ship.ShipStateMachineBlueprintsTest" time="0.014"/>
  <system-out><![CDATA[]]></system-out>
  <system-err><![CDATA[]]></system-err>
</testsuite>
