<?xml version="1.0" encoding="UTF-8"?>
<testsuite name="se.oakbright.modules.activatables.renderables.IconRendererTest" tests="1" skipped="0" failures="0" errors="0" timestamp="2015-08-15T16:32:03" hostname="hampuse-Dator" time="0.003">
  <properties/>
  <testcase name="test_that_activate_reaches_battleModel" classname="se.oakbright.modules.activatables.renderables.IconRendererTest" time="0.003"/>
  <system-out><![CDATA[]]></system-out>
  <system-err><![CDATA[]]></system-err>
</testsuite>
