<?xml version="1.0" encoding="UTF-8"?>
<testsuite name="se.oakbright.modules.activatables.updatables.MoverTest" tests="3" skipped="0" failures="0" errors="0" timestamp="2015-08-12T20:16:48" hostname="hampuse-Dator" time="0.106">
  <properties/>
  <testcase name="test_that_start_moving_on_activate" classname="se.oakbright.modules.activatables.updatables.MoverTest" time="0.005"/>
  <testcase name="testThatSpeedIsSetupProperly" classname="se.oakbright.modules.activatables.updatables.MoverTest" time="0.001"/>
  <testcase name="test_that_mover_moves_positioner" classname="se.oakbright.modules.activatables.updatables.MoverTest" time="0.099"/>
  <system-out><![CDATA[]]></system-out>
  <system-err><![CDATA[]]></system-err>
</testsuite>
