<?xml version="1.0" encoding="UTF-8"?>
<testsuite name="se.oakbright.battleobjects.statemachine.StateMachineTest" tests="2" skipped="0" failures="0" errors="0" timestamp="2015-08-15T16:32:03" hostname="hampuse-Dator" time="0.003">
  <properties/>
  <testcase name="testNewTransition" classname="se.oakbright.battleobjects.statemachine.StateMachineTest" time="0.002"/>
  <testcase name="testConstructor" classname="se.oakbright.battleobjects.statemachine.StateMachineTest" time="0.001"/>
  <system-out><![CDATA[]]></system-out>
  <system-err><![CDATA[]]></system-err>
</testsuite>
