<?xml version="1.0" encoding="UTF-8"?>
<testsuite name="se.oakbright.modules.internalpoints.CornerPointTest" tests="2" skipped="0" failures="0" errors="0" timestamp="2015-08-15T16:32:03" hostname="hampuse-Dator" time="0.032">
  <properties/>
  <testcase name="testX" classname="se.oakbright.modules.internalpoints.CornerPointTest" time="0.031"/>
  <testcase name="testY" classname="se.oakbright.modules.internalpoints.CornerPointTest" time="0.001"/>
  <system-out><![CDATA[]]></system-out>
  <system-err><![CDATA[]]></system-err>
</testsuite>
