<?xml version="1.0" encoding="UTF-8"?>
<testsuite name="se.oakbright.modules.helpers.PositionerTest" tests="1" skipped="0" failures="0" errors="0" timestamp="2015-08-18T19:00:34" hostname="hampuse-Dator" time="0.0">
  <properties/>
  <testcase name="testSetAndGetXandY" classname="se.oakbright.modules.helpers.PositionerTest" time="0.0"/>
  <system-out><![CDATA[]]></system-out>
  <system-err><![CDATA[]]></system-err>
</testsuite>
