<?xml version="1.0" encoding="UTF-8"?>
<testsuite name="se.oakbright.modules.activatables.updatables.MoverTest" tests="3" skipped="0" failures="0" errors="0" timestamp="2015-08-06T19:33:05" hostname="hampuse-Dator" time="0.153">
  <properties/>
  <testcase name="test_that_start_moving_on_activate" classname="se.oakbright.modules.activatables.updatables.MoverTest" time="0.013"/>
  <testcase name="testThatSpeedIsSetupProperly" classname="se.oakbright.modules.activatables.updatables.MoverTest" time="0.006"/>
  <testcase name="test_that_mover_moves_positioner" classname="se.oakbright.modules.activatables.updatables.MoverTest" time="0.129"/>
  <system-out><![CDATA[]]></system-out>
  <system-err><![CDATA[]]></system-err>
</testsuite>
