<?xml version="1.0" encoding="UTF-8"?>
<testsuite name="se.oakbright.resource.ResourceTest" tests="5" skipped="0" failures="0" errors="0" timestamp="2015-08-18T19:00:35" hostname="hampuse-Dator" time="0.005">
  <properties/>
  <testcase name="test_getThe_should_throw_exception_when_doesnt_find" classname="se.oakbright.resource.ResourceTest" time="0.001"/>
  <testcase name="test_getThe_should_find" classname="se.oakbright.resource.ResourceTest" time="0.001"/>
  <testcase name="test_getThe_should_throw_exception_when_several_options_exist" classname="se.oakbright.resource.ResourceTest" time="0.001"/>
  <testcase name="test_getAllIfAny_should_not_find" classname="se.oakbright.resource.ResourceTest" time="0.0"/>
  <testcase name="test_getAllIfAny_should_find" classname="se.oakbright.resource.ResourceTest" time="0.0"/>
  <system-out><![CDATA[]]></system-out>
  <system-err><![CDATA[]]></system-err>
</testsuite>
