<?xml version="1.0" encoding="UTF-8"?>
<testsuite name="se.oakbright.battleobjects.ShipFactoryTest" tests="3" skipped="0" failures="0" errors="0" timestamp="2015-08-13T10:27:09" hostname="hampuse-Dator" time="0.22">
  <properties/>
  <testcase name="test_ship" classname="se.oakbright.battleobjects.ShipFactoryTest" time="0.061"/>
  <testcase name="test_that_all_modules_get_built" classname="se.oakbright.battleobjects.ShipFactoryTest" time="0.158"/>
  <testcase name="test_that_shipBuilder_is_setup_correctly_in_ShipFactory" classname="se.oakbright.battleobjects.ShipFactoryTest" time="0.001"/>
  <system-out><![CDATA[]]></system-out>
  <system-err><![CDATA[]]></system-err>
</testsuite>
