<?xml version="1.0" encoding="UTF-8"?>
<testsuite name="se.oakbright.resource.BasicResourcesTest" tests="1" skipped="0" failures="0" errors="0" timestamp="2015-08-17T18:19:38" hostname="hampuse-Dator" time="0.0">
  <properties/>
  <testcase name="test_that_all_modules_in_BasicResources_can_be_built_with_only_basic_resources" classname="se.oakbright.resource.BasicResourcesTest" time="0.0"/>
  <system-out><![CDATA[]]></system-out>
  <system-err><![CDATA[]]></system-err>
</testsuite>
