<?xml version="1.0" encoding="UTF-8"?>
<testsuite name="se.oakbright.battleobjects.statemachine.StateTest" tests="2" skipped="0" failures="0" errors="0" timestamp="2015-08-06T19:33:05" hostname="hampuse-Dator" time="0.009">
  <properties/>
  <testcase name="verifyTransitionOnActivateCommand" classname="se.oakbright.battleobjects.statemachine.StateTest" time="0.006"/>
  <testcase name="transitionToTest" classname="se.oakbright.battleobjects.statemachine.StateTest" time="0.002"/>
  <system-out><![CDATA[]]></system-out>
  <system-err><![CDATA[]]></system-err>
</testsuite>
