<?xml version="1.0" encoding="UTF-8"?>
<testsuite name="se.oakbright.battleobjects.ShipTest" tests="2" skipped="0" failures="0" errors="0" timestamp="2015-08-12T20:16:48" hostname="hampuse-Dator" time="0.016">
  <properties/>
  <testcase name="verify_that_iconModule_buildNew" classname="se.oakbright.battleobjects.ShipTest" time="0.011"/>
  <testcase name="verify_that_states_activeModules_are_correct" classname="se.oakbright.battleobjects.ShipTest" time="0.004"/>
  <system-out><![CDATA[]]></system-out>
  <system-err><![CDATA[]]></system-err>
</testsuite>
