<?xml version="1.0" encoding="UTF-8"?>
<testsuite name="se.oakbright.modules.activatables.updatables.WeaponTest" tests="1" skipped="0" failures="0" errors="0" timestamp="2015-08-13T20:48:00" hostname="hampuse-Dator" time="0.008">
  <properties/>
  <testcase name="test_tryFire_aim_straight_ahead" classname="se.oakbright.modules.activatables.updatables.WeaponTest" time="0.008"/>
  <system-out><![CDATA[]]></system-out>
  <system-err><![CDATA[]]></system-err>
</testsuite>
