<?xml version="1.0" encoding="UTF-8"?>
<testsuite name="se.oakbright.battleobjects.MiddlePointTest" tests="2" skipped="0" failures="0" errors="0" timestamp="2015-07-25T09:39:17" hostname="hampuse-Dator" time="0.011">
  <properties/>
  <testcase name="testX" classname="se.oakbright.battleobjects.MiddlePointTest" time="0.009"/>
  <testcase name="testY" classname="se.oakbright.battleobjects.MiddlePointTest" time="0.001"/>
  <system-out><![CDATA[]]></system-out>
  <system-err><![CDATA[]]></system-err>
</testsuite>
