<?xml version="1.0" encoding="UTF-8"?>
<testsuite name="se.oakbright.modules.helpers.SpeedTest" tests="3" skipped="0" failures="0" errors="0" timestamp="2015-08-12T20:16:48" hostname="hampuse-Dator" time="0.009">
  <properties/>
  <testcase name="test_direction_135" classname="se.oakbright.modules.helpers.SpeedTest" time="0.005"/>
  <testcase name="test_direction_180" classname="se.oakbright.modules.helpers.SpeedTest" time="0.0"/>
  <testcase name="test_direction_315" classname="se.oakbright.modules.helpers.SpeedTest" time="0.002"/>
  <system-out><![CDATA[]]></system-out>
  <system-err><![CDATA[]]></system-err>
</testsuite>
