<?xml version="1.0" encoding="UTF-8"?>
<testsuite name="se.oakbright.battleobjects.statemachine.StateTest" tests="2" skipped="0" failures="0" errors="0" timestamp="2015-08-18T19:00:34" hostname="hampuse-Dator" time="0.002">
  <properties/>
  <testcase name="verifyTransitionOnActivateCommand" classname="se.oakbright.battleobjects.statemachine.StateTest" time="0.001"/>
  <testcase name="transitionToTest" classname="se.oakbright.battleobjects.statemachine.StateTest" time="0.0"/>
  <system-out><![CDATA[]]></system-out>
  <system-err><![CDATA[]]></system-err>
</testsuite>
