<?xml version="1.0" encoding="UTF-8"?>
<testsuite name="se.oakbright.modules.helpers.SpeedTest" tests="3" skipped="0" failures="0" errors="0" timestamp="2015-08-15T16:32:03" hostname="hampuse-Dator" time="0.01">
  <properties/>
  <testcase name="test_direction_135" classname="se.oakbright.modules.helpers.SpeedTest" time="0.007"/>
  <testcase name="test_direction_180" classname="se.oakbright.modules.helpers.SpeedTest" time="0.001"/>
  <testcase name="test_direction_315" classname="se.oakbright.modules.helpers.SpeedTest" time="0.001"/>
  <system-out><![CDATA[]]></system-out>
  <system-err><![CDATA[]]></system-err>
</testsuite>
