<?xml version="1.0" encoding="UTF-8"?>
<testsuite name="se.oakbright.resourcesketch2.ShipMakerTest" tests="1" skipped="0" failures="0" errors="0" timestamp="2015-08-16T14:17:54" hostname="hampuse-Dator" time="0.003">
  <properties/>
  <testcase name="try_make_ship" classname="se.oakbright.resourcesketch2.ShipMakerTest" time="0.003"/>
  <system-out><![CDATA[]]></system-out>
  <system-err><![CDATA[]]></system-err>
</testsuite>
