<?xml version="1.0" encoding="UTF-8"?>
<testsuite name="se.oakbright.battleobjects.statemachine.StateTest" tests="2" skipped="0" failures="0" errors="0" timestamp="2015-08-15T16:32:03" hostname="hampuse-Dator" time="0.006">
  <properties/>
  <testcase name="verifyTransitionOnActivateCommand" classname="se.oakbright.battleobjects.statemachine.StateTest" time="0.002"/>
  <testcase name="transitionToTest" classname="se.oakbright.battleobjects.statemachine.StateTest" time="0.004"/>
  <system-out><![CDATA[]]></system-out>
  <system-err><![CDATA[]]></system-err>
</testsuite>
