<?xml version="1.0" encoding="UTF-8"?>
<testsuite name="se.oakbright.battleobjects.PositionerTest" tests="1" skipped="0" failures="0" errors="0" timestamp="2015-07-25T09:39:30" hostname="hampuse-Dator" time="0.001">
  <properties/>
  <testcase name="testSetAndGetXandY" classname="se.oakbright.battleobjects.PositionerTest" time="0.001"/>
  <system-out><![CDATA[]]></system-out>
  <system-err><![CDATA[]]></system-err>
</testsuite>
