<?xml version="1.0" encoding="UTF-8"?>
<testsuite name="se.oakbright.battleobjects.modules.IconRendererTest" tests="1" skipped="0" failures="0" errors="0" timestamp="2015-07-25T09:10:38" hostname="hampuse-Dator" time="0.002">
  <properties/>
  <testcase name="test_that_activate_reaches_battleModel" classname="se.oakbright.battleobjects.modules.IconRendererTest" time="0.002"/>
  <system-out><![CDATA[]]></system-out>
  <system-err><![CDATA[]]></system-err>
</testsuite>
