<?xml version="1.0" encoding="UTF-8"?>
<testsuite name="se.oakbright.battleobjects.BattleObjectTest" tests="1" skipped="0" failures="0" errors="0" timestamp="2015-08-06T16:28:57" hostname="hampuse-Dator" time="0.306">
  <properties/>
  <testcase name="test_OutOfHpObserver_deactivates_battleobject" classname="se.oakbright.battleobjects.BattleObjectTest" time="0.306"/>
  <system-out><![CDATA[]]></system-out>
  <system-err><![CDATA[]]></system-err>
</testsuite>
