<?xml version="1.0" encoding="UTF-8"?>
<testsuite name="se.oakbright.modules.helpers.SpeedTest" tests="3" skipped="0" failures="0" errors="0" timestamp="2015-08-06T16:28:59" hostname="hampuse-Dator" time="0.024">
  <properties/>
  <testcase name="test_direction_135" classname="se.oakbright.modules.helpers.SpeedTest" time="0.016"/>
  <testcase name="test_direction_180" classname="se.oakbright.modules.helpers.SpeedTest" time="0.003"/>
  <testcase name="test_direction_315" classname="se.oakbright.modules.helpers.SpeedTest" time="0.003"/>
  <system-out><![CDATA[]]></system-out>
  <system-err><![CDATA[]]></system-err>
</testsuite>
