<?xml version="1.0" encoding="UTF-8"?>
<testsuite name="se.oakbright.battleobjects.statemachine.CommandHandlerTest" tests="1" skipped="0" failures="0" errors="0" timestamp="2015-08-06T16:28:58" hostname="hampuse-Dator" time="0.0">
  <properties/>
  <testcase name="setTransitionOnActivate" classname="se.oakbright.battleobjects.statemachine.CommandHandlerTest" time="0.0"/>
  <system-out><![CDATA[]]></system-out>
  <system-err><![CDATA[]]></system-err>
</testsuite>
