<?xml version="1.0" encoding="UTF-8"?>
<testsuite name="se.oakbright.battleobjects.ShipFactoryTest" tests="3" skipped="0" failures="0" errors="0" timestamp="2015-08-06T16:28:57" hostname="hampuse-Dator" time="0.687">
  <properties/>
  <testcase name="test_ship" classname="se.oakbright.battleobjects.ShipFactoryTest" time="0.151"/>
  <testcase name="test_that_all_modules_get_built" classname="se.oakbright.battleobjects.ShipFactoryTest" time="0.532"/>
  <testcase name="test_that_shipBuilder_is_setup_correctly_in_ShipFactory" classname="se.oakbright.battleobjects.ShipFactoryTest" time="0.002"/>
  <system-out><![CDATA[]]></system-out>
  <system-err><![CDATA[]]></system-err>
</testsuite>
