<?xml version="1.0" encoding="UTF-8"?>
<testsuite name="se.oakbright.battleobjects.internalpoints.CornerPointTest" tests="2" skipped="0" failures="0" errors="0" timestamp="2015-07-25T09:10:38" hostname="hampuse-Dator" time="0.092">
  <properties/>
  <testcase name="testX" classname="se.oakbright.battleobjects.internalpoints.CornerPointTest" time="0.089"/>
  <testcase name="testY" classname="se.oakbright.battleobjects.internalpoints.CornerPointTest" time="0.002"/>
  <system-out><![CDATA[]]></system-out>
  <system-err><![CDATA[]]></system-err>
</testsuite>
